<?xml version="1.0" encoding="UTF-8"?>
<testng-results skipped="0" failed="0" ignored="0" total="1" passed="1">
  <reporter-output>
  </reporter-output>
  <suite name="Default suite" duration-ms="8300" started-at="2021-08-24T07:04:23Z" finished-at="2021-08-24T07:04:31Z">
    <groups>
    </groups>
    <test name="Default test" duration-ms="8300" started-at="2021-08-24T07:04:23Z" finished-at="2021-08-24T07:04:31Z">
      <class name="Cookies.deletecookie">
        <test-method status="PASS" signature="deletecookie1()[pri:0, instance:Cookies.deletecookie@724af044]" name="deletecookie1" duration-ms="8284" started-at="2021-08-24T12:34:23Z" finished-at="2021-08-24T12:34:31Z">
          <reporter-output>
          </reporter-output>
        </test-method> <!-- deletecookie1 -->
      </class> <!-- Cookies.deletecookie -->
    </test> <!-- Default test -->
  </suite> <!-- Default suite -->
</testng-results>
